Already on 'dev'
Your branch is up to date with 'origin/dev'.
Already up to date.
Switched to a new branch 'auto-batch-translation'
Translations in Progress: [0/35] 0.00%

Translating in English...

Translating in English done!
Translations in Progress: [1/35] 2.86%

Translating in English...

Translating in English done!
Estimated time remaining: 0 hours, 0 minutes, and 9 seconds
Translations in Progress: [2/35] 5.71%

Translating in English...

Translating in English done!
Estimated time remaining: 0 hours, 0 minutes, and 8 seconds
Translations in Progress: [3/35] 8.57%

Translating in English...

Translating in English done!
Estimated time remaining: 0 hours, 0 minutes, and 8 seconds
Translations in Progress: [4/35] 11.43%

Translating in English...

Translating in English done!
Estimated time remaining: 0 hours, 0 minutes, and 8 seconds
Translations in Progress: [5/35] 14.29%

Translating in English...

Translating in English done!
Estimated time remaining: 0 hours, 0 minutes, and 8 seconds
Translations in Progress: [6/35] 17.14%

Translating in English...

Translating in English done!
Estimated time remaining: 0 hours, 0 minutes, and 7 seconds
Translations in Progress: [7/35] 20.00%

Translating in English...

Translating in English done!
Estimated time remaining: 0 hours, 0 minutes, and 7 seconds
Translations in Progress: [8/35] 22.86%

Translating in English...

Translating in English done!
Estimated time remaining: 0 hours, 0 minutes, and 7 seconds
Translations in Progress: [9/35] 25.71%

Translating in English...

Translating in English done!
Estimated time remaining: 0 hours, 0 minutes, and 7 seconds
Translations in Progress: [10/35] 28.57%

Translating in English...

Translating in English done!
Estimated time remaining: 0 hours, 0 minutes, and 6 seconds
Translations in Progress: [11/35] 31.43%

Translating in English...

Translating in English done!
Estimated time remaining: 0 hours, 0 minutes, and 6 seconds
Translations in Progress: [12/35] 34.29%

Translating in English...

Translating in English done!
Estimated time remaining: 0 hours, 0 minutes, and 6 seconds
Translations in Progress: [13/35] 37.14%

Translating in English...

Translating in English done!
Estimated time remaining: 0 hours, 0 minutes, and 5 seconds
Translations in Progress: [14/35] 40.00%

Translating in English...

Translating in English done!
Estimated time remaining: 0 hours, 0 minutes, and 5 seconds
Translations in Progress: [15/35] 42.86%

Translating in English...

Translating in English done!
Estimated time remaining: 0 hours, 0 minutes, and 5 seconds
Translations in Progress: [16/35] 45.71%

Translating in English...

Translating in English done!
Estimated time remaining: 0 hours, 0 minutes, and 5 seconds
Translations in Progress: [17/35] 48.57%

Translating in English...

Translating in English done!
Estimated time remaining: 0 hours, 0 minutes, and 5 seconds
Translations in Progress: [18/35] 51.43%

Translating in English...

Translating in English done!
Estimated time remaining: 0 hours, 0 minutes, and 5 seconds
Translations in Progress: [19/35] 54.29%

Translating in English...

Translating in English done!
Estimated time remaining: 0 hours, 0 minutes, and 4 seconds
Translations in Progress: [20/35] 57.14%

Translating in English...

Translating in English done!
Estimated time remaining: 0 hours, 0 minutes, and 4 seconds
Translations in Progress: [21/35] 60.00%

Translating in English...

Translating in English done!
Estimated time remaining: 0 hours, 0 minutes, and 4 seconds
Translations in Progress: [22/35] 62.86%

Translating in English...

Translating in English done!
Estimated time remaining: 0 hours, 0 minutes, and 4 seconds
Translations in Progress: [23/35] 65.71%

Translating in English...

Translating in English done!
Estimated time remaining: 0 hours, 0 minutes, and 3 seconds
Translations in Progress: [24/35] 68.57%

Translating in English...

Translating in English done!
Estimated time remaining: 0 hours, 0 minutes, and 3 seconds
Translations in Progress: [25/35] 71.43%

Translating in English...

Translating in English done!
Estimated time remaining: 0 hours, 0 minutes, and 3 seconds
Translations in Progress: [26/35] 74.29%

Translating in English...

Translating in English done!
Estimated time remaining: 0 hours, 0 minutes, and 3 seconds
Translations in Progress: [27/35] 77.14%

Translating in English...

Translating in English done!
Estimated time remaining: 0 hours, 0 minutes, and 2 seconds
Translations in Progress: [28/35] 80.00%

Translating in English...

Translating in English done!
Estimated time remaining: 0 hours, 0 minutes, and 2 seconds
Translations in Progress: [29/35] 82.86%

Translating in English...

Translating in English done!
Estimated time remaining: 0 hours, 0 minutes, and 2 seconds
Translations in Progress: [30/35] 85.71%

Translating in English...

Translating in English done!
Estimated time remaining: 0 hours, 0 minutes, and 1 seconds
Translations in Progress: [31/35] 88.57%

Translating in English...

Translating in English done!
Estimated time remaining: 0 hours, 0 minutes, and 1 seconds
Translations in Progress: [32/35] 91.43%

Translating in English...

Translating in English done!
Estimated time remaining: 0 hours, 0 minutes, and 0 seconds
Translations in Progress: [33/35] 94.29%

Translating in English...

Translating in English done!
Estimated time remaining: 0 hours, 0 minutes, and 0 seconds
Translations in Progress: [34/35] 97.14%

Translating in English...

Translating in English done!
Estimated time remaining: 0 hours, 0 minutes, and 0 seconds
